2023-06-14 08:42:55,102 INFO: generated new fontManager
2023-06-14 08:43:16,841 INFO: HTTP Request: POST https://api.telegram.org/bot5940086594:AAGVrXUQaUIcsl29-xIz5KZQhtwlkwoV0KI/getMe "HTTP/1.1 200 OK"
2023-06-14 08:43:16,858 INFO: HTTP Request: POST https://api.telegram.org/bot5940086594:AAGVrXUQaUIcsl29-xIz5KZQhtwlkwoV0KI/deleteWebhook "HTTP/1.1 200 OK"
2023-06-14 08:43:16,860 INFO: Application started
2023-06-14 08:43:26,912 INFO: HTTP Request: POST https://api.telegram.org/bot5940086594:AAGVrXUQaUIcsl29-xIz5KZQhtwlkwoV0KI/getUpdates "HTTP/1.1 200 OK"
2023-06-14 08:43:36,930 INFO: HTTP Request: POST https://api.telegram.org/bot5940086594:AAGVrXUQaUIcsl29-xIz5KZQhtwlkwoV0KI/getUpdates "HTTP/1.1 200 OK"
2023-06-14 08:43:46,947 INFO: HTTP Request: POST https://api.telegram.org/bot5940086594:AAGVrXUQaUIcsl29-xIz5KZQhtwlkwoV0KI/getUpdates "HTTP/1.1 200 OK"
2023-06-14 08:43:56,964 INFO: HTTP Request: POST https://api.telegram.org/bot5940086594:AAGVrXUQaUIcsl29-xIz5KZQhtwlkwoV0KI/getUpdates "HTTP/1.1 200 OK"
2023-06-14 08:44:06,985 INFO: HTTP Request: POST https://api.telegram.org/bot5940086594:AAGVrXUQaUIcsl29-xIz5KZQhtwlkwoV0KI/getUpdates "HTTP/1.1 200 OK"
2023-06-14 08:44:17,008 INFO: HTTP Request: POST https://api.telegram.org/bot5940086594:AAGVrXUQaUIcsl29-xIz5KZQhtwlkwoV0KI/getUpdates "HTTP/1.1 200 OK"
2023-06-14 08:44:27,029 INFO: HTTP Request: POST https://api.telegram.org/bot5940086594:AAGVrXUQaUIcsl29-xIz5KZQhtwlkwoV0KI/getUpdates "HTTP/1.1 200 OK"
2023-06-14 08:44:30,318 INFO: HTTP Request: POST https://api.telegram.org/bot5940086594:AAGVrXUQaUIcsl29-xIz5KZQhtwlkwoV0KI/getUpdates "HTTP/1.1 200 OK"
2023-06-14 08:44:33,340 INFO: HTTP Request: POST https://api.telegram.org/bot5940086594:AAGVrXUQaUIcsl29-xIz5KZQhtwlkwoV0KI/sendMessage "HTTP/1.1 200 OK"
2023-06-14 08:44:43,260 INFO: HTTP Request: POST https://api.telegram.org/bot5940086594:AAGVrXUQaUIcsl29-xIz5KZQhtwlkwoV0KI/getUpdates "HTTP/1.1 200 OK"
2023-06-14 08:44:53,277 INFO: HTTP Request: POST https://api.telegram.org/bot5940086594:AAGVrXUQaUIcsl29-xIz5KZQhtwlkwoV0KI/getUpdates "HTTP/1.1 200 OK"
2023-06-14 08:45:03,299 INFO: HTTP Request: POST https://api.telegram.org/bot5940086594:AAGVrXUQaUIcsl29-xIz5KZQhtwlkwoV0KI/getUpdates "HTTP/1.1 200 OK"
2023-06-14 08:45:13,328 INFO: HTTP Request: POST https://api.telegram.org/bot5940086594:AAGVrXUQaUIcsl29-xIz5KZQhtwlkwoV0KI/getUpdates "HTTP/1.1 200 OK"
2023-06-14 08:45:23,346 INFO: HTTP Request: POST https://api.telegram.org/bot5940086594:AAGVrXUQaUIcsl29-xIz5KZQhtwlkwoV0KI/getUpdates "HTTP/1.1 200 OK"
2023-06-14 08:45:33,365 INFO: HTTP Request: POST https://api.telegram.org/bot5940086594:AAGVrXUQaUIcsl29-xIz5KZQhtwlkwoV0KI/getUpdates "HTTP/1.1 200 OK"
2023-06-14 08:45:43,396 INFO: HTTP Request: POST https://api.telegram.org/bot5940086594:AAGVrXUQaUIcsl29-xIz5KZQhtwlkwoV0KI/getUpdates "HTTP/1.1 200 OK"
2023-06-14 08:45:53,416 INFO: HTTP Request: POST https://api.telegram.org/bot5940086594:AAGVrXUQaUIcsl29-xIz5KZQhtwlkwoV0KI/getUpdates "HTTP/1.1 200 OK"
2023-06-14 08:46:03,436 INFO: HTTP Request: POST https://api.telegram.org/bot5940086594:AAGVrXUQaUIcsl29-xIz5KZQhtwlkwoV0KI/getUpdates "HTTP/1.1 200 OK"
2023-06-14 08:46:13,456 INFO: HTTP Request: POST https://api.telegram.org/bot5940086594:AAGVrXUQaUIcsl29-xIz5KZQhtwlkwoV0KI/getUpdates "HTTP/1.1 200 OK"
2023-06-14 08:46:23,483 INFO: HTTP Request: POST https://api.telegram.org/bot5940086594:AAGVrXUQaUIcsl29-xIz5KZQhtwlkwoV0KI/getUpdates "HTTP/1.1 200 OK"
2023-06-14 08:46:33,499 INFO: HTTP Request: POST https://api.telegram.org/bot5940086594:AAGVrXUQaUIcsl29-xIz5KZQhtwlkwoV0KI/getUpdates "HTTP/1.1 200 OK"
2023-06-14 08:46:43,523 INFO: HTTP Request: POST https://api.telegram.org/bot5940086594:AAGVrXUQaUIcsl29-xIz5KZQhtwlkwoV0KI/getUpdates "HTTP/1.1 200 OK"
2023-06-14 08:46:53,545 INFO: HTTP Request: POST https://api.telegram.org/bot5940086594:AAGVrXUQaUIcsl29-xIz5KZQhtwlkwoV0KI/getUpdates "HTTP/1.1 200 OK"
2023-06-14 08:47:03,566 INFO: HTTP Request: POST https://api.telegram.org/bot5940086594:AAGVrXUQaUIcsl29-xIz5KZQhtwlkwoV0KI/getUpdates "HTTP/1.1 200 OK"
2023-06-14 08:47:13,584 INFO: HTTP Request: POST https://api.telegram.org/bot5940086594:AAGVrXUQaUIcsl29-xIz5KZQhtwlkwoV0KI/getUpdates "HTTP/1.1 200 OK"
2023-06-14 08:47:23,608 INFO: HTTP Request: POST https://api.telegram.org/bot5940086594:AAGVrXUQaUIcsl29-xIz5KZQhtwlkwoV0KI/getUpdates "HTTP/1.1 200 OK"
2023-06-14 08:47:33,626 INFO: HTTP Request: POST https://api.telegram.org/bot5940086594:AAGVrXUQaUIcsl29-xIz5KZQhtwlkwoV0KI/getUpdates "HTTP/1.1 200 OK"
2023-06-14 08:47:43,646 INFO: HTTP Request: POST https://api.telegram.org/bot5940086594:AAGVrXUQaUIcsl29-xIz5KZQhtwlkwoV0KI/getUpdates "HTTP/1.1 200 OK"
2023-06-14 08:47:53,667 INFO: HTTP Request: POST https://api.telegram.org/bot5940086594:AAGVrXUQaUIcsl29-xIz5KZQhtwlkwoV0KI/getUpdates "HTTP/1.1 200 OK"
2023-06-14 08:48:03,684 INFO: HTTP Request: POST https://api.telegram.org/bot5940086594:AAGVrXUQaUIcsl29-xIz5KZQhtwlkwoV0KI/getUpdates "HTTP/1.1 200 OK"
2023-06-14 08:48:13,706 INFO: HTTP Request: POST https://api.telegram.org/bot5940086594:AAGVrXUQaUIcsl29-xIz5KZQhtwlkwoV0KI/getUpdates "HTTP/1.1 200 OK"
2023-06-14 08:48:23,728 INFO: HTTP Request: POST https://api.telegram.org/bot5940086594:AAGVrXUQaUIcsl29-xIz5KZQhtwlkwoV0KI/getUpdates "HTTP/1.1 200 OK"
2023-06-14 08:48:33,744 INFO: HTTP Request: POST https://api.telegram.org/bot5940086594:AAGVrXUQaUIcsl29-xIz5KZQhtwlkwoV0KI/getUpdates "HTTP/1.1 200 OK"
2023-06-14 08:48:43,764 INFO: HTTP Request: POST https://api.telegram.org/bot5940086594:AAGVrXUQaUIcsl29-xIz5KZQhtwlkwoV0KI/getUpdates "HTTP/1.1 200 OK"
2023-06-14 08:48:53,785 INFO: HTTP Request: POST https://api.telegram.org/bot5940086594:AAGVrXUQaUIcsl29-xIz5KZQhtwlkwoV0KI/getUpdates "HTTP/1.1 200 OK"
2023-06-14 08:49:03,806 INFO: HTTP Request: POST https://api.telegram.org/bot5940086594:AAGVrXUQaUIcsl29-xIz5KZQhtwlkwoV0KI/getUpdates "HTTP/1.1 200 OK"
2023-06-14 08:49:13,822 INFO: HTTP Request: POST https://api.telegram.org/bot5940086594:AAGVrXUQaUIcsl29-xIz5KZQhtwlkwoV0KI/getUpdates "HTTP/1.1 200 OK"
2023-06-14 08:49:23,842 INFO: HTTP Request: POST https://api.telegram.org/bot5940086594:AAGVrXUQaUIcsl29-xIz5KZQhtwlkwoV0KI/getUpdates "HTTP/1.1 200 OK"
2023-06-14 08:49:33,873 INFO: HTTP Request: POST https://api.telegram.org/bot5940086594:AAGVrXUQaUIcsl29-xIz5KZQhtwlkwoV0KI/getUpdates "HTTP/1.1 200 OK"
2023-06-14 08:49:43,892 INFO: HTTP Request: POST https://api.telegram.org/bot5940086594:AAGVrXUQaUIcsl29-xIz5KZQhtwlkwoV0KI/getUpdates "HTTP/1.1 200 OK"
2023-06-14 08:49:53,909 INFO: HTTP Request: POST https://api.telegram.org/bot5940086594:AAGVrXUQaUIcsl29-xIz5KZQhtwlkwoV0KI/getUpdates "HTTP/1.1 200 OK"
2023-06-14 08:50:03,927 INFO: HTTP Request: POST https://api.telegram.org/bot5940086594:AAGVrXUQaUIcsl29-xIz5KZQhtwlkwoV0KI/getUpdates "HTTP/1.1 200 OK"
2023-06-14 08:50:13,959 INFO: HTTP Request: POST https://api.telegram.org/bot5940086594:AAGVrXUQaUIcsl29-xIz5KZQhtwlkwoV0KI/getUpdates "HTTP/1.1 200 OK"
2023-06-14 08:50:23,979 INFO: HTTP Request: POST https://api.telegram.org/bot5940086594:AAGVrXUQaUIcsl29-xIz5KZQhtwlkwoV0KI/getUpdates "HTTP/1.1 200 OK"
2023-06-14 08:50:29,890 INFO: Application is stopping. This might take a moment.
2023-06-14 08:50:29,891 INFO: Application.stop() complete
2023-06-14 08:51:25,935 INFO: HTTP Request: POST https://api.telegram.org/bot5940086594:AAGVrXUQaUIcsl29-xIz5KZQhtwlkwoV0KI/getMe "HTTP/1.1 200 OK"
2023-06-14 08:51:25,950 INFO: HTTP Request: POST https://api.telegram.org/bot5940086594:AAGVrXUQaUIcsl29-xIz5KZQhtwlkwoV0KI/deleteWebhook "HTTP/1.1 200 OK"
2023-06-14 08:51:25,951 INFO: Application started
2023-06-14 08:51:34,881 INFO: HTTP Request: POST https://api.telegram.org/bot5940086594:AAGVrXUQaUIcsl29-xIz5KZQhtwlkwoV0KI/getUpdates "HTTP/1.1 200 OK"
2023-06-14 08:51:40,177 INFO: HTTP Request: POST https://api.telegram.org/bot5940086594:AAGVrXUQaUIcsl29-xIz5KZQhtwlkwoV0KI/sendMessage "HTTP/1.1 200 OK"
2023-06-14 08:51:50,141 INFO: HTTP Request: POST https://api.telegram.org/bot5940086594:AAGVrXUQaUIcsl29-xIz5KZQhtwlkwoV0KI/getUpdates "HTTP/1.1 200 OK"
2023-06-14 08:52:00,158 INFO: HTTP Request: POST https://api.telegram.org/bot5940086594:AAGVrXUQaUIcsl29-xIz5KZQhtwlkwoV0KI/getUpdates "HTTP/1.1 200 OK"
2023-06-14 08:52:10,175 INFO: HTTP Request: POST https://api.telegram.org/bot5940086594:AAGVrXUQaUIcsl29-xIz5KZQhtwlkwoV0KI/getUpdates "HTTP/1.1 200 OK"
2023-06-14 08:52:20,193 INFO: HTTP Request: POST https://api.telegram.org/bot5940086594:AAGVrXUQaUIcsl29-xIz5KZQhtwlkwoV0KI/getUpdates "HTTP/1.1 200 OK"
2023-06-14 08:52:30,209 INFO: HTTP Request: POST https://api.telegram.org/bot5940086594:AAGVrXUQaUIcsl29-xIz5KZQhtwlkwoV0KI/getUpdates "HTTP/1.1 200 OK"
2023-06-14 08:52:40,226 INFO: HTTP Request: POST https://api.telegram.org/bot5940086594:AAGVrXUQaUIcsl29-xIz5KZQhtwlkwoV0KI/getUpdates "HTTP/1.1 200 OK"
2023-06-14 08:52:50,243 INFO: HTTP Request: POST https://api.telegram.org/bot5940086594:AAGVrXUQaUIcsl29-xIz5KZQhtwlkwoV0KI/getUpdates "HTTP/1.1 200 OK"
2023-06-14 08:53:00,259 INFO: HTTP Request: POST https://api.telegram.org/bot5940086594:AAGVrXUQaUIcsl29-xIz5KZQhtwlkwoV0KI/getUpdates "HTTP/1.1 200 OK"
2023-06-14 08:53:10,277 INFO: HTTP Request: POST https://api.telegram.org/bot5940086594:AAGVrXUQaUIcsl29-xIz5KZQhtwlkwoV0KI/getUpdates "HTTP/1.1 200 OK"
2023-06-14 08:53:20,294 INFO: HTTP Request: POST https://api.telegram.org/bot5940086594:AAGVrXUQaUIcsl29-xIz5KZQhtwlkwoV0KI/getUpdates "HTTP/1.1 200 OK"
2023-06-14 08:53:30,311 INFO: HTTP Request: POST https://api.telegram.org/bot5940086594:AAGVrXUQaUIcsl29-xIz5KZQhtwlkwoV0KI/getUpdates "HTTP/1.1 200 OK"
2023-06-14 08:53:40,328 INFO: HTTP Request: POST https://api.telegram.org/bot5940086594:AAGVrXUQaUIcsl29-xIz5KZQhtwlkwoV0KI/getUpdates "HTTP/1.1 200 OK"
2023-06-14 08:53:50,345 INFO: HTTP Request: POST https://api.telegram.org/bot5940086594:AAGVrXUQaUIcsl29-xIz5KZQhtwlkwoV0KI/getUpdates "HTTP/1.1 200 OK"
2023-06-14 08:54:00,362 INFO: HTTP Request: POST https://api.telegram.org/bot5940086594:AAGVrXUQaUIcsl29-xIz5KZQhtwlkwoV0KI/getUpdates "HTTP/1.1 200 OK"
2023-06-14 08:54:10,378 INFO: HTTP Request: POST https://api.telegram.org/bot5940086594:AAGVrXUQaUIcsl29-xIz5KZQhtwlkwoV0KI/getUpdates "HTTP/1.1 200 OK"
2023-06-14 08:54:20,395 INFO: HTTP Request: POST https://api.telegram.org/bot5940086594:AAGVrXUQaUIcsl29-xIz5KZQhtwlkwoV0KI/getUpdates "HTTP/1.1 200 OK"
2023-06-14 08:54:30,412 INFO: HTTP Request: POST https://api.telegram.org/bot5940086594:AAGVrXUQaUIcsl29-xIz5KZQhtwlkwoV0KI/getUpdates "HTTP/1.1 200 OK"
2023-06-14 08:54:40,429 INFO: HTTP Request: POST https://api.telegram.org/bot5940086594:AAGVrXUQaUIcsl29-xIz5KZQhtwlkwoV0KI/getUpdates "HTTP/1.1 200 OK"
2023-06-14 08:54:50,446 INFO: HTTP Request: POST https://api.telegram.org/bot5940086594:AAGVrXUQaUIcsl29-xIz5KZQhtwlkwoV0KI/getUpdates "HTTP/1.1 200 OK"
2023-06-14 08:55:00,461 INFO: HTTP Request: POST https://api.telegram.org/bot5940086594:AAGVrXUQaUIcsl29-xIz5KZQhtwlkwoV0KI/getUpdates "HTTP/1.1 200 OK"
2023-06-14 08:55:00,781 INFO: HTTP Request: POST https://api.telegram.org/bot5940086594:AAGVrXUQaUIcsl29-xIz5KZQhtwlkwoV0KI/getUpdates "HTTP/1.1 200 OK"
2023-06-14 08:55:01,529 INFO: HTTP Request: POST https://api.telegram.org/bot5940086594:AAGVrXUQaUIcsl29-xIz5KZQhtwlkwoV0KI/sendMessage "HTTP/1.1 200 OK"
2023-06-14 08:55:11,431 INFO: HTTP Request: POST https://api.telegram.org/bot5940086594:AAGVrXUQaUIcsl29-xIz5KZQhtwlkwoV0KI/getUpdates "HTTP/1.1 200 OK"
2023-06-14 08:55:21,448 INFO: HTTP Request: POST https://api.telegram.org/bot5940086594:AAGVrXUQaUIcsl29-xIz5KZQhtwlkwoV0KI/getUpdates "HTTP/1.1 200 OK"
2023-06-14 08:55:31,465 INFO: HTTP Request: POST https://api.telegram.org/bot5940086594:AAGVrXUQaUIcsl29-xIz5KZQhtwlkwoV0KI/getUpdates "HTTP/1.1 200 OK"
2023-06-14 08:55:41,482 INFO: HTTP Request: POST https://api.telegram.org/bot5940086594:AAGVrXUQaUIcsl29-xIz5KZQhtwlkwoV0KI/getUpdates "HTTP/1.1 200 OK"
2023-06-14 08:55:51,498 INFO: HTTP Request: POST https://api.telegram.org/bot5940086594:AAGVrXUQaUIcsl29-xIz5KZQhtwlkwoV0KI/getUpdates "HTTP/1.1 200 OK"
2023-06-14 08:56:01,515 INFO: HTTP Request: POST https://api.telegram.org/bot5940086594:AAGVrXUQaUIcsl29-xIz5KZQhtwlkwoV0KI/getUpdates "HTTP/1.1 200 OK"
2023-06-14 08:56:11,534 INFO: HTTP Request: POST https://api.telegram.org/bot5940086594:AAGVrXUQaUIcsl29-xIz5KZQhtwlkwoV0KI/getUpdates "HTTP/1.1 200 OK"
2023-06-14 08:56:21,551 INFO: HTTP Request: POST https://api.telegram.org/bot5940086594:AAGVrXUQaUIcsl29-xIz5KZQhtwlkwoV0KI/getUpdates "HTTP/1.1 200 OK"
2023-06-14 08:56:31,569 INFO: HTTP Request: POST https://api.telegram.org/bot5940086594:AAGVrXUQaUIcsl29-xIz5KZQhtwlkwoV0KI/getUpdates "HTTP/1.1 200 OK"
2023-06-14 08:56:38,823 INFO: Application is stopping. This might take a moment.
2023-06-14 08:56:38,823 INFO: Application.stop() complete
2023-06-14 08:56:54,253 INFO: HTTP Request: POST https://api.telegram.org/bot5940086594:AAGVrXUQaUIcsl29-xIz5KZQhtwlkwoV0KI/getMe "HTTP/1.1 200 OK"
2023-06-14 08:56:54,270 INFO: HTTP Request: POST https://api.telegram.org/bot5940086594:AAGVrXUQaUIcsl29-xIz5KZQhtwlkwoV0KI/deleteWebhook "HTTP/1.1 200 OK"
2023-06-14 08:56:54,271 INFO: Application started
2023-06-14 08:57:02,008 INFO: HTTP Request: POST https://api.telegram.org/bot5940086594:AAGVrXUQaUIcsl29-xIz5KZQhtwlkwoV0KI/getUpdates "HTTP/1.1 200 OK"
2023-06-14 08:57:05,025 INFO: HTTP Request: POST https://api.telegram.org/bot5940086594:AAGVrXUQaUIcsl29-xIz5KZQhtwlkwoV0KI/sendMessage "HTTP/1.1 200 OK"
2023-06-14 08:57:14,146 INFO: HTTP Request: POST https://api.telegram.org/bot5940086594:AAGVrXUQaUIcsl29-xIz5KZQhtwlkwoV0KI/getUpdates "HTTP/1.1 200 OK"
2023-06-14 08:57:17,286 INFO: HTTP Request: POST https://api.telegram.org/bot5940086594:AAGVrXUQaUIcsl29-xIz5KZQhtwlkwoV0KI/sendMessage "HTTP/1.1 200 OK"
2023-06-14 08:57:27,189 INFO: HTTP Request: POST https://api.telegram.org/bot5940086594:AAGVrXUQaUIcsl29-xIz5KZQhtwlkwoV0KI/getUpdates "HTTP/1.1 200 OK"
2023-06-14 08:57:37,239 INFO: HTTP Request: POST https://api.telegram.org/bot5940086594:AAGVrXUQaUIcsl29-xIz5KZQhtwlkwoV0KI/getUpdates "HTTP/1.1 200 OK"
2023-06-14 08:57:40,723 INFO: Application is stopping. This might take a moment.
2023-06-14 08:57:40,723 INFO: Application.stop() complete
2023-06-14 08:59:41,314 INFO: HTTP Request: POST https://api.telegram.org/bot5940086594:AAGVrXUQaUIcsl29-xIz5KZQhtwlkwoV0KI/sendMessage "HTTP/1.1 200 OK"
2023-06-14 08:59:41,392 INFO: HTTP Request: POST https://api.telegram.org/bot5940086594:AAGVrXUQaUIcsl29-xIz5KZQhtwlkwoV0KI/sendMessage "HTTP/1.1 400 Bad Request"
2023-06-14 09:02:45,198 INFO: HTTP Request: POST https://api.telegram.org/bot5940086594:AAGVrXUQaUIcsl29-xIz5KZQhtwlkwoV0KI/sendMessage "HTTP/1.1 200 OK"
2023-06-14 09:02:45,270 INFO: HTTP Request: POST https://api.telegram.org/bot5940086594:AAGVrXUQaUIcsl29-xIz5KZQhtwlkwoV0KI/sendMessage "HTTP/1.1 400 Bad Request"
2023-06-14 09:03:25,813 INFO: HTTP Request: POST https://api.telegram.org/bot5940086594:AAGVrXUQaUIcsl29-xIz5KZQhtwlkwoV0KI/sendMessage "HTTP/1.1 200 OK"
2023-06-14 09:03:25,889 INFO: HTTP Request: POST https://api.telegram.org/bot5940086594:AAGVrXUQaUIcsl29-xIz5KZQhtwlkwoV0KI/sendMessage "HTTP/1.1 400 Bad Request"
2023-06-14 09:05:17,662 INFO: HTTP Request: POST https://api.telegram.org/bot5940086594:AAGVrXUQaUIcsl29-xIz5KZQhtwlkwoV0KI/sendMessage "HTTP/1.1 200 OK"
2023-06-14 09:06:08,362 INFO: HTTP Request: POST https://api.telegram.org/bot5940086594:AAGVrXUQaUIcsl29-xIz5KZQhtwlkwoV0KI/sendMessage "HTTP/1.1 200 OK"
2023-06-14 09:06:18,681 INFO: HTTP Request: POST https://api.telegram.org/bot5940086594:AAGVrXUQaUIcsl29-xIz5KZQhtwlkwoV0KI/sendMessage "HTTP/1.1 200 OK"
2023-06-14 09:06:18,763 INFO: HTTP Request: POST https://api.telegram.org/bot5940086594:AAGVrXUQaUIcsl29-xIz5KZQhtwlkwoV0KI/sendMessage "HTTP/1.1 400 Bad Request"
2023-06-14 09:06:29,060 INFO: HTTP Request: POST https://api.telegram.org/bot5940086594:AAGVrXUQaUIcsl29-xIz5KZQhtwlkwoV0KI/sendMessage "HTTP/1.1 200 OK"
2023-06-14 09:18:57,951 INFO: HTTP Request: POST https://api.telegram.org/bot5940086594:AAGVrXUQaUIcsl29-xIz5KZQhtwlkwoV0KI/getMe "HTTP/1.1 200 OK"
2023-06-14 09:18:57,967 INFO: HTTP Request: POST https://api.telegram.org/bot5940086594:AAGVrXUQaUIcsl29-xIz5KZQhtwlkwoV0KI/deleteWebhook "HTTP/1.1 200 OK"
2023-06-14 09:18:57,968 INFO: Application started
2023-06-14 09:18:58,016 INFO: HTTP Request: POST https://api.telegram.org/bot5940086594:AAGVrXUQaUIcsl29-xIz5KZQhtwlkwoV0KI/getUpdates "HTTP/1.1 200 OK"
2023-06-14 09:18:58,365 INFO: HTTP Request: POST https://api.telegram.org/bot5940086594:AAGVrXUQaUIcsl29-xIz5KZQhtwlkwoV0KI/sendMediaGroup "HTTP/1.1 200 OK"
2023-06-14 09:18:58,691 INFO: HTTP Request: POST https://api.telegram.org/bot5940086594:AAGVrXUQaUIcsl29-xIz5KZQhtwlkwoV0KI/sendMediaGroup "HTTP/1.1 200 OK"
2023-06-14 09:18:59,539 INFO: HTTP Request: POST https://api.telegram.org/bot5940086594:AAGVrXUQaUIcsl29-xIz5KZQhtwlkwoV0KI/sendMessage "HTTP/1.1 200 OK"
